2025-03-13T06:24:16: PM2 log: ===============================================================================
2025-03-13T06:24:16: PM2 log: --- New PM2 Daemon started ----------------------------------------------------
2025-03-13T06:24:16: PM2 log: Time                 : Thu Mar 13 2025 06:24:16 GMT+0000 (Coordinated Universal Time)
2025-03-13T06:24:16: PM2 log: PM2 version          : 5.4.3
2025-03-13T06:24:16: PM2 log: Node.js version      : 18.19.1
2025-03-13T06:24:16: PM2 log: Current arch         : x64
2025-03-13T06:24:16: PM2 log: PM2 home             : /home/ubuntu/.pm2
2025-03-13T06:24:16: PM2 log: PM2 PID file         : /home/ubuntu/.pm2/pm2.pid
2025-03-13T06:24:16: PM2 log: RPC socket file      : /home/ubuntu/.pm2/rpc.sock
2025-03-13T06:24:16: PM2 log: BUS socket file      : /home/ubuntu/.pm2/pub.sock
2025-03-13T06:24:16: PM2 log: Application log path : /home/ubuntu/.pm2/logs
2025-03-13T06:24:16: PM2 log: Worker Interval      : 30000
2025-03-13T06:24:16: PM2 log: Process dump file    : /home/ubuntu/.pm2/dump.pm2
2025-03-13T06:24:16: PM2 log: Concurrent actions   : 2
2025-03-13T06:24:16: PM2 log: SIGTERM timeout      : 1600
2025-03-13T06:24:16: PM2 log: ===============================================================================
2025-03-13T06:24:16: PM2 log: App [ceremony-backend:0] starting in -fork mode-
2025-03-13T06:24:16: PM2 log: App [ceremony-backend:0] online
2025-03-13T06:25:15: PM2 log: pm2 has been killed by signal, dumping process list before exit...
2025-03-13T06:25:15: PM2 log: Deleting process 0
2025-03-13T06:25:15: PM2 log: Stopping app:ceremony-backend id:0
2025-03-13T06:25:15: PM2 log: App [ceremony-backend:0] exited with code [0] via signal [SIGHUP]
2025-03-13T06:25:15: PM2 log: pid=20986 msg=process killed
2025-03-13T06:25:15: PM2 log: Exited peacefully
2025-03-13T06:25:40: PM2 log: ===============================================================================
2025-03-13T06:25:40: PM2 log: --- New PM2 Daemon started ----------------------------------------------------
2025-03-13T06:25:40: PM2 log: Time                 : Thu Mar 13 2025 06:25:40 GMT+0000 (Coordinated Universal Time)
2025-03-13T06:25:40: PM2 log: PM2 version          : 5.4.3
2025-03-13T06:25:40: PM2 log: Node.js version      : 18.19.1
2025-03-13T06:25:40: PM2 log: Current arch         : x64
2025-03-13T06:25:40: PM2 log: PM2 home             : /home/ubuntu/.pm2
2025-03-13T06:25:40: PM2 log: PM2 PID file         : /home/ubuntu/.pm2/pm2.pid
2025-03-13T06:25:40: PM2 log: RPC socket file      : /home/ubuntu/.pm2/rpc.sock
2025-03-13T06:25:40: PM2 log: BUS socket file      : /home/ubuntu/.pm2/pub.sock
2025-03-13T06:25:40: PM2 log: Application log path : /home/ubuntu/.pm2/logs
2025-03-13T06:25:40: PM2 log: Worker Interval      : 30000
2025-03-13T06:25:40: PM2 log: Process dump file    : /home/ubuntu/.pm2/dump.pm2
2025-03-13T06:25:40: PM2 log: Concurrent actions   : 2
2025-03-13T06:25:40: PM2 log: SIGTERM timeout      : 1600
2025-03-13T06:25:40: PM2 log: ===============================================================================
2025-03-13T06:25:40: PM2 log: App [ceremony-backend:0] starting in -fork mode-
2025-03-13T06:25:40: PM2 log: App [ceremony-backend:0] online
2025-03-13T09:19:42: PM2 log: Stopping app:ceremony-backend id:0
2025-03-13T09:19:42: PM2 log: App [ceremony-backend:0] exited with code [0] via signal [SIGINT]
2025-03-13T09:19:42: PM2 log: pid=803 msg=process killed
2025-03-13T09:19:42: PM2 log: App [ceremony-backend:0] starting in -fork mode-
2025-03-13T09:19:42: PM2 log: App [ceremony-backend:0] online
2025-03-13T09:53:25: PM2 log: Stopping app:ceremony-backend id:0
2025-03-13T09:53:25: PM2 log: App [ceremony-backend:0] exited with code [0] via signal [SIGINT]
2025-03-13T09:53:25: PM2 log: pid=1511 msg=process killed
2025-03-13T09:53:25: PM2 log: App [ceremony-backend:0] starting in -fork mode-
2025-03-13T09:53:25: PM2 log: App [ceremony-backend:0] online
2025-03-13T10:03:53: PM2 log: Stopping app:ceremony-backend id:0
2025-03-13T10:03:53: PM2 log: App [ceremony-backend:0] exited with code [0] via signal [SIGINT]
2025-03-13T10:03:53: PM2 log: pid=2383 msg=process killed
2025-03-13T10:03:53: PM2 log: App [ceremony-backend:0] starting in -fork mode-
2025-03-13T10:03:53: PM2 log: App [ceremony-backend:0] online
